<?xml version="1.0" encoding="UTF-8"?>
<!-- Generated by org.testng.reporters.JUnitReportReporter -->
<testsuite hostname="tejasvi-k37k" failures="0" tests="1" name="day3.TestNGAnnotations" time="0.013" errors="0" timestamp="31 Mar 2021 09:37:17 GMT" skipped="0">
  <testcase classname="day3.TestNGAnnotations" name="print" time="0.013"/>
</testsuite> <!-- day3.TestNGAnnotations -->
